{"level":"error","message":"POST /sign-up 500 0ms"}
{"level":"error","message":"POST /sign-up 500 15ms"}
{"level":"error","message":"POST /sign-up 500 16ms"}
{"level":"error","message":"POST /sign-up 500 1ms"}
{"level":"error","message":"POST /sign-up 500 553ms"}
{"level":"error","message":"POST /sign-up 500 458ms"}
{"level":"error","message":"POST /sign-up 500 482ms"}
{"level":"error","message":"POST /sign-up 500 382ms"}
{"level":"error","message":"POST /sign-up 500 551ms"}
{"level":"error","message":"POST /sign-up 500 471ms"}
{"level":"error","message":"POST /sign-up 500 4ms"}
{"level":"error","message":"POST /sign-up 500 303ms"}
{"level":"error","message":"POST /sign-up 500 18ms"}
{"level":"error","message":"POST /sign-up 500 179ms"}
{"level":"error","message":"POST /sign-up 500 175ms"}
{"level":"error","message":"POST /sign-up 500 3ms"}
{"level":"error","message":"POST /sign-up 500 3ms"}
{"level":"error","message":"POST /sign-up 500 1ms"}
{"level":"error","message":"POST /sign-up 500 29ms"}
{"level":"error","message":"POST /sign-up 500 59ms"}
{"level":"error","message":"POST /sign-up 500 88ms"}
{"level":"error","message":"POST /login 500 102ms"}
{"level":"error","message":"POST /login 500 421ms"}
{"level":"error","message":"POST /login 500 100ms"}
{"level":"error","message":"POST /login 500 363ms"}
{"level":"error","message":"POST /login 500 46ms"}
{"level":"error","message":"POST /login 500 51ms"}
{"level":"error","message":"POST /login 500 48ms"}
{"level":"error","message":"POST /login 500 47ms"}
{"level":"error","message":"POST /login 500 355ms"}
{"level":"error","message":"POST /login 500 46ms"}
{"level":"error","message":"POST /login 500 52ms"}
{"level":"error","message":"POST /login 500 53ms"}
{"level":"error","message":"POST /login 500 49ms"}
{"level":"error","message":"POST /login 500 54ms"}
{"level":"error","message":"POST /login 500 51ms"}
{"level":"error","message":"POST /login 500 48ms"}
{"level":"error","message":"POST /login 500 46ms"}
{"level":"error","message":"POST /login 500 54ms"}
{"level":"error","message":"POST /login 500 53ms"}
{"level":"error","message":"POST /login 500 29ms"}
{"level":"error","message":"POST /user/sign-up 500 56ms"}
{"level":"error","message":"POST /user/sign-up 500 23ms"}
{"level":"error","message":"POST /user/sign-up 500 22ms"}
{"level":"error","message":"POST /user/sign-up 500 23ms"}
{"level":"error","message":"POST /user/sign-up 500 27ms"}
{"level":"error","message":"POST /user/sign-up 500 25ms"}
{"level":"error","message":"POST /user/sign-up 500 188ms"}
{"level":"error","message":"POST /user/sign-up 500 148ms"}
{"level":"error","message":"POST /user/sign-up 500 153ms"}
{"level":"error","message":"POST /user/sign-up 500 156ms"}
{"level":"error","message":"POST /user/sign-up 500 29ms"}
{"level":"error","message":"POST /user/sign-up 500 29ms"}
{"level":"error","message":"POST /user/sign-up 500 22ms"}
{"level":"error","message":"POST /user/sign-up 500 29ms"}
{"level":"error","message":"POST /user/sign-up 500 25ms"}
{"level":"error","message":"POST /user/sign-up 500 22ms"}
{"level":"error","message":"POST /user/sign-up 500 30ms"}
{"level":"error","message":"POST /user/sign-up 500 145ms"}
{"level":"error","message":"POST /user/sign-up 500 164ms"}
{"level":"error","message":"POST /user/sign-up 500 224ms"}
{"level":"error","message":"POST /user/sign-up 500 27ms"}
{"level":"error","message":"POST /user/sign-up 500 23ms"}
{"level":"error","message":"POST /user/sign-up 500 28ms"}
{"level":"error","message":"POST /user/sign-up 500 27ms"}
{"level":"error","message":"POST /user/sign-up 500 37ms"}
{"level":"error","message":"POST /user/sign-up 500 23ms"}
{"level":"error","message":"POST /user/sign-up 500 28ms"}
{"level":"error","message":"POST /user/sign-up 500 21ms"}
{"level":"error","message":"POST /user/sign-up 500 33ms"}
{"level":"error","message":"POST /user/sign-up 500 29ms"}
{"level":"error","message":"POST /user/sign-up 500 21ms"}
{"level":"error","message":"POST /user/sign-up 500 43ms"}
{"level":"error","message":"POST /user/sign-up 500 21ms"}
{"level":"error","message":"POST /user/sign-up 500 23ms"}
{"level":"error","message":"POST /user/sign-up 500 22ms"}
{"level":"error","message":"POST /user/sign-up 500 27ms"}
{"level":"error","message":"POST /user/sign-up 500 22ms"}
{"level":"error","message":"POST /user/sign-up 500 42ms"}
{"level":"error","message":"POST /user/sign-up 500 22ms"}
{"level":"error","message":"POST /user/sign-up 500 28ms"}
{"level":"error","message":"POST /user/sign-up 500 28ms"}
{"level":"error","message":"POST /user/sign-up 500 27ms"}
{"level":"error","message":"POST /user/sign-up 500 93ms"}
{"level":"error","message":"POST /user/sign-up 500 83ms"}
{"level":"error","message":"POST /user/sign-up 500 21ms"}
{"level":"error","message":"POST /user/sign-up 500 22ms"}
{"level":"error","message":"POST /user/sign-up 500 22ms"}
{"level":"error","message":"POST /user/sign-up 500 29ms"}
{"level":"error","message":"POST /user/sign-up 500 22ms"}
{"level":"error","message":"POST /user/sign-up 500 23ms"}
{"level":"error","message":"POST /user/sign-up 500 21ms"}
{"level":"error","message":"POST /user/sign-up 500 27ms"}
{"level":"error","message":"POST /user/sign-up 500 28ms"}
{"level":"error","message":"POST /user/sign-up 500 24ms"}
{"level":"error","message":"POST /user/sign-up 500 22ms"}
{"level":"error","message":"POST /user/sign-up 500 27ms"}
{"level":"error","message":"POST /user/sign-up 500 22ms"}
{"level":"error","message":"POST /user/sign-up 500 28ms"}
{"level":"error","message":"POST /user/sign-up 500 20ms"}
{"level":"error","message":"POST /user/sign-up 500 27ms"}
{"level":"error","message":"POST /user/sign-up 500 26ms"}
{"level":"error","message":"POST /user/sign-up 500 28ms"}
{"level":"error","message":"POST /user/sign-up 500 21ms"}
{"level":"error","message":"POST /user/sign-up 500 24ms"}
{"level":"error","message":"POST /user/sign-up 500 21ms"}
{"level":"error","message":"POST /user/sign-up 500 24ms"}
{"level":"error","message":"POST /user/sign-up 500 25ms"}
{"level":"error","message":"POST /user/sign-up 500 21ms"}
{"level":"error","message":"POST /user/sign-up 500 21ms"}
{"level":"error","message":"POST /user/sign-up 500 26ms"}
{"level":"error","message":"POST /user/sign-up 500 22ms"}
{"level":"error","message":"POST /user/sign-up 500 27ms"}
{"level":"error","message":"POST /user/sign-up 500 21ms"}
{"level":"error","message":"POST /user/sign-up 500 22ms"}
{"level":"error","message":"POST /user/sign-up 500 30ms"}
{"level":"error","message":"POST /user/sign-up 500 21ms"}
{"level":"error","message":"POST /user/sign-up 500 20ms"}
{"level":"error","message":"POST /user/sign-up 500 21ms"}
{"level":"error","message":"POST /user/sign-up 500 21ms"}
{"level":"error","message":"POST /user/sign-up 500 27ms"}
{"level":"error","message":"POST /user/sign-up 500 20ms"}
{"level":"error","message":"POST /user/sign-up 500 28ms"}
{"level":"error","message":"POST /user/sign-up 500 27ms"}
{"level":"error","message":"POST /user/sign-up 500 27ms"}
{"level":"error","message":"POST /user/sign-up 500 29ms"}
{"level":"error","message":"POST /user/sign-up 500 22ms"}
{"level":"error","message":"POST /user/sign-up 500 26ms"}
{"level":"error","message":"POST /user/sign-up 500 27ms"}
{"level":"error","message":"POST /user/sign-up 500 27ms"}
{"level":"error","message":"POST /user/sign-up 500 27ms"}
{"level":"error","message":"POST /user/sign-up 500 21ms"}
{"level":"error","message":"POST /user/sign-up 500 32ms"}
{"level":"error","message":"POST /user/sign-up 500 21ms"}
{"level":"error","message":"POST /user/sign-up 500 24ms"}
{"level":"error","message":"POST /user/sign-up 500 28ms"}
{"level":"error","message":"POST /user/sign-up 500 20ms"}
{"level":"error","message":"POST /user/sign-up 500 20ms"}
{"level":"error","message":"POST /user/sign-up 500 24ms"}
{"level":"error","message":"POST /user/sign-up 500 27ms"}
{"level":"error","message":"POST /user/sign-up 500 26ms"}
{"level":"error","message":"POST /user/sign-up 500 20ms"}
{"level":"error","message":"POST /user/sign-up 500 149ms"}
{"level":"error","message":"POST /user/sign-up 500 168ms"}
{"level":"error","message":"POST /user/sign-up 500 27ms"}
{"level":"error","message":"POST /user/sign-up 500 15ms"}
{"level":"error","message":"POST /user/verify-email 500 12ms"}
{"level":"error","message":"POST /user/resend-email-verification 500 19ms"}
{"level":"error","message":"POST /user/resend-email-verification 500 19ms"}
{"level":"error","message":"POST /user/resend-email-verification 500 30ms"}
{"level":"error","message":"POST /user/resend-email-verification 500 28ms"}
{"level":"error","message":"POST /user/resend-email-verification 500 31ms"}
{"level":"error","message":"POST /game/new-game 500 38ms"}
{"level":"error","message":"POST /game/new-game 500 2ms"}
{"level":"error","message":"POST /game/new-game 500 26ms"}
{"level":"error","message":"POST /game/new-game 500 25ms"}
{"level":"error","message":"POST /game/new-game 500 2ms"}
{"level":"error","message":"POST /user/login 500 146ms"}
{"level":"error","message":"POST /user/login 500 215ms"}
{"level":"error","message":"POST /user/login 500 96ms"}
